<?xml version="1.0" encoding="UTF-8"?>
<!-- Generated by org.testng.reporters.JUnitReportReporter -->
<testsuite skipped="0" hostname="DESKTOP-VF09DEB" name="com.hero.qa.testcases.LoginPageTest" tests="1" failures="0" timestamp="2020-11-01T23:28:34 MST" time="21.485" errors="0">
  <testcase name="validateLogin" time="21.485" classname="com.hero.qa.testcases.LoginPageTest"/>
  <system-out/>
</testsuite> <!-- com.hero.qa.testcases.LoginPageTest -->
