<?xml version="1.0" encoding="UTF-8"?>
<!-- Generated by org.testng.reporters.JUnitReportReporter -->
<testsuite skipped="0" hostname="DESKTOP-VF09DEB" name="com.hero.qa.testcases.SecureTest" tests="1" failures="0" timestamp="2020-11-01T18:37:17 MST" time="7.565" errors="0">
  <testcase name="saveContactWithNoValueAdded" time="7.565" classname="com.hero.qa.testcases.SecureTest"/>
  <system-out/>
</testsuite> <!-- com.hero.qa.testcases.SecureTest -->
