<?xml version="1.0" encoding="UTF-8"?>
<!-- Generated by org.testng.reporters.JUnitReportReporter -->
<testsuite skipped="0" hostname="DESKTOP-VF09DEB" name="com.hero.qa.testcases.DynamicControlsTest" tests="1" failures="0" timestamp="2020-11-01T21:33:36 MST" time="14.696" errors="0">
  <testcase name="VerifyDynamicControls" time="14.696" classname="com.hero.qa.testcases.DynamicControlsTest"/>
  <system-out/>
</testsuite> <!-- com.hero.qa.testcases.DynamicControlsTest -->
