<?xml version="1.0" encoding="UTF-8"?>
<!-- Generated by org.testng.reporters.JUnitReportReporter -->
<testsuite skipped="0" hostname="DESKTOP-VF09DEB" name="com.hero.qa.testcases.LoginPageTest" tests="1" failures="0" timestamp="2020-11-01T21:50:35 MST" time="19.149" errors="0">
  <testcase name="UserNameInvalidMain" time="19.149" classname="com.hero.qa.testcases.LoginPageTest"/>
  <system-out/>
</testsuite> <!-- com.hero.qa.testcases.LoginPageTest -->
