<?xml version="1.0" encoding="UTF-8"?>
<!-- Generated by org.testng.reporters.JUnitReportReporter -->
<testsuite skipped="0" hostname="DESKTOP-VF09DEB" name="com.hero.qa.testcases.TablesTest" tests="2" failures="0" timestamp="2020-11-01T21:33:36 MST" time="14.127" errors="0">
  <testcase name="sortByLastName" time="6.913" classname="com.hero.qa.testcases.TablesTest"/>
  <system-out/>
  <testcase name="sortByFirstName" time="7.214" classname="com.hero.qa.testcases.TablesTest"/>
  <system-out/>
</testsuite> <!-- com.hero.qa.testcases.TablesTest -->
