<?xml version="1.0" encoding="UTF-8"?>
<!-- Generated by org.testng.reporters.JUnitReportReporter -->
<testsuite skipped="0" hostname="DESKTOP-VF09DEB" name="com.hero.qa.testcases.TablesTest" tests="2" failures="0" timestamp="2020-11-01T23:28:34 MST" time="13.956" errors="0">
  <testcase name="sortByLastName" time="7.138" classname="com.hero.qa.testcases.TablesTest"/>
  <system-out/>
  <testcase name="sortByFirstName" time="6.818" classname="com.hero.qa.testcases.TablesTest"/>
  <system-out/>
</testsuite> <!-- com.hero.qa.testcases.TablesTest -->
