<?xml version="1.0" encoding="UTF-8"?>
<!-- Generated by org.testng.reporters.JUnitReportReporter -->
<testsuite skipped="0" hostname="DESKTOP-VF09DEB" name="com.hero.qa.testcases.WindowsTest" tests="1" failures="0" timestamp="2020-11-01T18:37:17 MST" time="6.349" errors="0">
  <testcase name="VerifyNewtabCreated" time="6.349" classname="com.hero.qa.testcases.WindowsTest"/>
  <system-out/>
</testsuite> <!-- com.hero.qa.testcases.WindowsTest -->
