<?xml version="1.0" encoding="UTF-8"?>
<!-- Generated by org.testng.reporters.JUnitReportReporter -->
<testsuite skipped="0" hostname="DESKTOP-VF09DEB" name="com.hero.qa.testcases.LoginPageTest" tests="18" failures="0" timestamp="2020-11-01T18:37:17 MST" time="125.962" errors="0">
  <testcase name="loginTest" time="7.369" classname="com.hero.qa.testcases.LoginPageTest"/>
  <system-out/>
  <testcase name="UserNameInvalid1" time="6.832" classname="com.hero.qa.testcases.LoginPageTest"/>
  <system-out/>
  <testcase name="UserNameInvalid2" time="6.790" classname="com.hero.qa.testcases.LoginPageTest"/>
  <system-out/>
  <testcase name="UserNameInvalid3" time="6.519" classname="com.hero.qa.testcases.LoginPageTest"/>
  <system-out/>
  <testcase name="UserNameInvalid4" time="10.837" classname="com.hero.qa.testcases.LoginPageTest"/>
  <system-out/>
  <testcase name="UserNameInvalid5" time="6.620" classname="com.hero.qa.testcases.LoginPageTest"/>
  <system-out/>
  <testcase name="UserNameInvalid6" time="6.190" classname="com.hero.qa.testcases.LoginPageTest"/>
  <system-out/>
  <testcase name="UserNameInvalid7" time="7.141" classname="com.hero.qa.testcases.LoginPageTest"/>
  <system-out/>
  <testcase name="UserNameInvalid8" time="6.715" classname="com.hero.qa.testcases.LoginPageTest"/>
  <system-out/>
  <testcase name="UserNameInvalid9" time="7.082" classname="com.hero.qa.testcases.LoginPageTest"/>
  <system-out/>
  <testcase name="UserNameInvalid10" time="6.501" classname="com.hero.qa.testcases.LoginPageTest"/>
  <system-out/>
  <testcase name="UserNameInvalid11" time="6.382" classname="com.hero.qa.testcases.LoginPageTest"/>
  <system-out/>
  <testcase name="UserNameInvalid12" time="7.102" classname="com.hero.qa.testcases.LoginPageTest"/>
  <system-out/>
  <testcase name="UserNameInvalid13" time="6.902" classname="com.hero.qa.testcases.LoginPageTest"/>
  <system-out/>
  <testcase name="UserNameInvalid14" time="7.713" classname="com.hero.qa.testcases.LoginPageTest"/>
  <system-out/>
  <testcase name="UserNameInvalid15" time="6.346" classname="com.hero.qa.testcases.LoginPageTest"/>
  <system-out/>
  <testcase name="UserNameInvalid16" time="6.322" classname="com.hero.qa.testcases.LoginPageTest"/>
  <system-out/>
  <testcase name="UserNameInvalid17" time="6.599" classname="com.hero.qa.testcases.LoginPageTest"/>
  <system-out/>
</testsuite> <!-- com.hero.qa.testcases.LoginPageTest -->
